Object = spiceinit
  IsisVersion       = "9.0.0  | 2025-05-17"
  AleVersion        = "0.11.0 | py312hc47a885_3"
  ProgramVersion    = 2021-08-10
  ProgramPath       = /opt/homebrew/Caskroom/miniforge/base/envs/isis/bin
  ExecutionDateTime = 2025-06-26T13:29:29
  HostName          = Unknown
  UserName          = prabha14039
  Description       = "Update SPICE data (kernels, pointing, and position) for
                       a camera cube"

  Group = UserParameters
    FROM         = cub_folder/M139939938LE.cub
    WEB          = false
    ATTACH       = TRUE
    CKSMITHED    = FALSE
    CKRECON      = TRUE
    CKPREDICTED  = FALSE
    CKNADIR      = FALSE
    SPKSMITHED   = FALSE
    SPKRECON     = TRUE
    SPKPREDICTED = FALSE
    SHAPE        = SYSTEM
    STARTPAD     = 0.0
    ENDPAD       = 0.0
    URL          = https://astrogeology.usgs.gov/apis/ale/v0.9.1/spiceserver/
    PORT         = 443
  End_Group

  Group = Error
    Program = spiceinit
    Code    = 1
    Message = "No existing files found with a numerical version matching
               [kernels.????.db] in
               [/Volumes/Windows/ISRO/isisdata/lro/kernels/ck]"
    File    = FileName.cpp
    Line    = 672
    Program = spiceinit
  End_Group
End_Object


Object = spiceinit
  IsisVersion       = "9.0.0  | 2025-05-17"
  AleVersion        = "0.11.0 | py312hc47a885_3"
  ProgramVersion    = 2021-08-10
  ProgramPath       = /opt/homebrew/Caskroom/miniforge/base/envs/isis/bin
  ExecutionDateTime = 2025-06-26T13:29:30
  HostName          = Unknown
  UserName          = prabha14039
  Description       = "Update SPICE data (kernels, pointing, and position) for
                       a camera cube"

  Group = UserParameters
    FROM         = cub_folder/M139946735RE.cub
    WEB          = false
    ATTACH       = TRUE
    CKSMITHED    = FALSE
    CKRECON      = TRUE
    CKPREDICTED  = FALSE
    CKNADIR      = FALSE
    SPKSMITHED   = FALSE
    SPKRECON     = TRUE
    SPKPREDICTED = FALSE
    SHAPE        = SYSTEM
    STARTPAD     = 0.0
    ENDPAD       = 0.0
    URL          = https://astrogeology.usgs.gov/apis/ale/v0.9.1/spiceserver/
    PORT         = 443
  End_Group

  Group = Error
    Program = spiceinit
    Code    = 1
    Message = "No existing files found with a numerical version matching
               [kernels.????.db] in
               [/Volumes/Windows/ISRO/isisdata/lro/kernels/ck]"
    File    = FileName.cpp
    Line    = 672
    Program = spiceinit
  End_Group
End_Object


Object = spiceinit
  IsisVersion       = "9.0.0  | 2025-05-17"
  AleVersion        = "0.11.0 | py312hc47a885_3"
  ProgramVersion    = 2021-08-10
  ProgramPath       = /opt/homebrew/Caskroom/miniforge/base/envs/isis/bin
  ExecutionDateTime = 2025-06-26T13:31:18
  HostName          = Unknown
  UserName          = prabha14039
  Description       = "Update SPICE data (kernels, pointing, and position) for
                       a camera cube"

  Group = UserParameters
    FROM         = cub_folder/M139946735RE.cub
    WEB          = false
    ATTACH       = TRUE
    CKSMITHED    = FALSE
    CKRECON      = TRUE
    CKPREDICTED  = FALSE
    CKNADIR      = FALSE
    SPKSMITHED   = FALSE
    SPKRECON     = TRUE
    SPKPREDICTED = FALSE
    SHAPE        = SYSTEM
    STARTPAD     = 0.0
    ENDPAD       = 0.0
    URL          = https://astrogeology.usgs.gov/apis/ale/v0.9.1/spiceserver/
    PORT         = 443
  End_Group

  Group = Error
    Program = spiceinit
    Code    = 1
    Message = "No existing files found with a numerical version matching
               [kernels.????.db] in
               [/Volumes/Windows/ISRO/isisdata/lro/kernels/ck]"
    File    = FileName.cpp
    Line    = 672
    Program = spiceinit
  End_Group
End_Object


Object = spiceinit
  IsisVersion       = "9.0.0  | 2025-05-17"
  AleVersion        = "0.11.0 | py312hc47a885_3"
  ProgramVersion    = 2021-08-10
  ProgramPath       = /opt/homebrew/Caskroom/miniforge/base/envs/isis/bin
  ExecutionDateTime = 2025-06-26T13:33:21
  HostName          = Unknown
  UserName          = prabha14039
  Description       = "Update SPICE data (kernels, pointing, and position) for
                       a camera cube"

  Group = UserParameters
    FROM         = cub_folder/M139946735RE.cub
    WEB          = yes
    ATTACH       = TRUE
    CKSMITHED    = FALSE
    CKRECON      = TRUE
    CKPREDICTED  = FALSE
    CKNADIR      = FALSE
    SPKSMITHED   = FALSE
    SPKRECON     = TRUE
    SPKPREDICTED = FALSE
    SHAPE        = SYSTEM
    STARTPAD     = 0.0
    ENDPAD       = 0.0
    URL          = https://astrogeology.usgs.gov/apis/ale/v0.9.1/spiceserver/
    PORT         = 443
  End_Group

  Group = Kernels
    NaifFrameCode             = -85610
    LeapSecond                = $base/kernels/lsk/naif0012.tls
    TargetAttitudeShape       = ($base/kernels/pck/pck00009.tpc,
                                 $lro/kernels/pck/moon_080317.tf,
                                 $lro/kernels/pck/moon_assoc_me.tf)
    TargetPosition            = (Table,
                                 $lro/kernels/tspk/moon_pa_de421_1900-2050.bpc,
                                 $lro/kernels/tspk/de421.bsp)
    InstrumentPointing        = (Table,
                                 $lro/kernels/ck/lrolc_2010243_2010274_v03.bc,
                                 $lro/kernels/ck/moc42r_2010243_2010274_v04.bc,
                                 $lro/kernels/fk/lro_frames_2014049_v01.tf)
    Instrument                = $lro/kernels/ik/lro_lroc_v18.ti
    SpacecraftClock           = $lro/kernels/sclk/lro_clkcor_2025169_v00.tsc
    InstrumentPosition        = (Table,
                                 $lro/kernels/spk/fdf29r_2010244_2010274_v01.b-
                                 sp)
    InstrumentAddendum        = $lro/kernels/iak/lro_instrumentAddendum_v05.ti
    ShapeModel                = $base/dems/ldem_128ppd_Mar2011_clon180_radius-
                                _pad.cub
    InstrumentPositionQuality = Reconstructed
    InstrumentPointingQuality = Reconstructed
    CameraVersion             = 2
  End_Group

  Group = Accounting
    ConnectTime = 00:00:14.2
    CpuTime     = 00:00:14.0
  End_Group
End_Object


Object = spiceinit
  IsisVersion       = "9.0.0  | 2025-05-17"
  AleVersion        = "0.11.0 | py312hc47a885_3"
  ProgramVersion    = 2021-08-10
  ProgramPath       = /opt/homebrew/Caskroom/miniforge/base/envs/isis/bin
  ExecutionDateTime = 2025-06-26T13:35:42
  HostName          = Unknown
  UserName          = prabha14039
  Description       = "Update SPICE data (kernels, pointing, and position) for
                       a camera cube"

  Group = UserParameters
    FROM         = cub_folder/M139939938LE.cub
    WEB          = yes
    ATTACH       = TRUE
    CKSMITHED    = FALSE
    CKRECON      = TRUE
    CKPREDICTED  = FALSE
    CKNADIR      = FALSE
    SPKSMITHED   = FALSE
    SPKRECON     = TRUE
    SPKPREDICTED = FALSE
    SHAPE        = SYSTEM
    STARTPAD     = 0.0
    ENDPAD       = 0.0
    URL          = https://astrogeology.usgs.gov/apis/ale/v0.9.1/spiceserver/
    PORT         = 443
  End_Group

  Group = Kernels
    NaifFrameCode             = -85600
    LeapSecond                = $base/kernels/lsk/naif0012.tls
    TargetAttitudeShape       = ($base/kernels/pck/pck00009.tpc,
                                 $lro/kernels/pck/moon_080317.tf,
                                 $lro/kernels/pck/moon_assoc_me.tf)
    TargetPosition            = (Table,
                                 $lro/kernels/tspk/moon_pa_de421_1900-2050.bpc,
                                 $lro/kernels/tspk/de421.bsp)
    InstrumentPointing        = (Table,
                                 $lro/kernels/ck/lrolc_2010243_2010274_v03.bc,
                                 $lro/kernels/ck/moc42r_2010243_2010274_v04.bc,
                                 $lro/kernels/fk/lro_frames_2014049_v01.tf)
    Instrument                = $lro/kernels/ik/lro_lroc_v18.ti
    SpacecraftClock           = $lro/kernels/sclk/lro_clkcor_2025169_v00.tsc
    InstrumentPosition        = (Table,
                                 $lro/kernels/spk/fdf29r_2010244_2010274_v01.b-
                                 sp)
    InstrumentAddendum        = $lro/kernels/iak/lro_instrumentAddendum_v05.ti
    ShapeModel                = $base/dems/ldem_128ppd_Mar2011_clon180_radius-
                                _pad.cub
    InstrumentPositionQuality = Reconstructed
    InstrumentPointingQuality = Reconstructed
    CameraVersion             = 2
  End_Group

  Group = Accounting
    ConnectTime = 00:00:24.9
    CpuTime     = 00:00:24.8
  End_Group
End_Object


Object = lronac2isis
  IsisVersion       = "9.0.0  | 2025-05-17"
  AleVersion        = "0.11.0 | py312hc47a885_3"
  ProgramVersion    = 2017-04-27
  ProgramPath       = /opt/homebrew/Caskroom/miniforge/base/envs/isis/bin
  ExecutionDateTime = 2025-06-26T13:56:14
  HostName          = Unknown
  UserName          = prabha14039
  Description       = "Import an LROC NAC image as an Isis cube"

  Group = UserParameters
    FROM = img_folder/M122270273LE.IMG
    TO   = cub_folder/M122270273LE.cub
  End_Group

  Group = Accounting
    ConnectTime = 00:00:17.0
    CpuTime     = 00:00:02.6
  End_Group
End_Object


Object = lronac2isis
  IsisVersion       = "9.0.0  | 2025-05-17"
  AleVersion        = "0.11.0 | py312hc47a885_3"
  ProgramVersion    = 2017-04-27
  ProgramPath       = /opt/homebrew/Caskroom/miniforge/base/envs/isis/bin
  ExecutionDateTime = 2025-06-26T13:58:08
  HostName          = Unknown
  UserName          = prabha14039
  Description       = "Import an LROC NAC image as an Isis cube"

  Group = UserParameters
    FROM = img_folder/M139939938LE.IMG
    TO   = cub_folder/M139939938LE.cub
  End_Group

  Group = Accounting
    ConnectTime = 00:00:17.4
    CpuTime     = 00:00:02.5
  End_Group
End_Object


Object = spiceinit
  IsisVersion       = "9.0.0  | 2025-05-17"
  AleVersion        = "0.11.0 | py312hc47a885_3"
  ProgramVersion    = 2021-08-10
  ProgramPath       = /opt/homebrew/Caskroom/miniforge/base/envs/isis/bin
  ExecutionDateTime = 2025-06-26T13:58:26
  HostName          = Unknown
  UserName          = prabha14039
  Description       = "Update SPICE data (kernels, pointing, and position) for
                       a camera cube"

  Group = UserParameters
    FROM         = cub_folder/M139939938LE.cub
    WEB          = yes
    ATTACH       = TRUE
    CKSMITHED    = FALSE
    CKRECON      = TRUE
    CKPREDICTED  = FALSE
    CKNADIR      = FALSE
    SPKSMITHED   = FALSE
    SPKRECON     = TRUE
    SPKPREDICTED = FALSE
    SHAPE        = SYSTEM
    STARTPAD     = 0.0
    ENDPAD       = 0.0
    URL          = https://astrogeology.usgs.gov/apis/ale/v0.9.1/spiceserver/
    PORT         = 443
  End_Group

  Group = Kernels
    NaifFrameCode             = -85600
    LeapSecond                = $base/kernels/lsk/naif0012.tls
    TargetAttitudeShape       = ($base/kernels/pck/pck00009.tpc,
                                 $lro/kernels/pck/moon_080317.tf,
                                 $lro/kernels/pck/moon_assoc_me.tf)
    TargetPosition            = (Table,
                                 $lro/kernels/tspk/moon_pa_de421_1900-2050.bpc,
                                 $lro/kernels/tspk/de421.bsp)
    InstrumentPointing        = (Table,
                                 $lro/kernels/ck/lrolc_2010243_2010274_v03.bc,
                                 $lro/kernels/ck/moc42r_2010243_2010274_v04.bc,
                                 $lro/kernels/fk/lro_frames_2014049_v01.tf)
    Instrument                = $lro/kernels/ik/lro_lroc_v18.ti
    SpacecraftClock           = $lro/kernels/sclk/lro_clkcor_2025169_v00.tsc
    InstrumentPosition        = (Table,
                                 $lro/kernels/spk/fdf29r_2010244_2010274_v01.b-
                                 sp)
    InstrumentAddendum        = $lro/kernels/iak/lro_instrumentAddendum_v05.ti
    ShapeModel                = $base/dems/ldem_128ppd_Mar2011_clon180_radius-
                                _pad.cub
    InstrumentPositionQuality = Reconstructed
    InstrumentPointingQuality = Reconstructed
    CameraVersion             = 2
  End_Group

  Group = Accounting
    ConnectTime = 00:00:13.8
    CpuTime     = 00:00:13.9
  End_Group
End_Object


Object = lronac2isis
  IsisVersion       = "9.0.0  | 2025-05-17"
  AleVersion        = "0.11.0 | py312hc47a885_3"
  ProgramVersion    = 2017-04-27
  ProgramPath       = /opt/homebrew/Caskroom/miniforge/base/envs/isis/bin
  ExecutionDateTime = 2025-06-26T13:58:40
  HostName          = Unknown
  UserName          = prabha14039
  Description       = "Import an LROC NAC image as an Isis cube"

  Group = UserParameters
    FROM = img_folder/M139946735RE.IMG
    TO   = cub_folder/M139946735RE.cub
  End_Group

  Group = Accounting
    ConnectTime = 00:00:17.4
    CpuTime     = 00:00:02.4
  End_Group
End_Object


Object = spiceinit
  IsisVersion       = "9.0.0  | 2025-05-17"
  AleVersion        = "0.11.0 | py312hc47a885_3"
  ProgramVersion    = 2021-08-10
  ProgramPath       = /opt/homebrew/Caskroom/miniforge/base/envs/isis/bin
  ExecutionDateTime = 2025-06-26T13:58:58
  HostName          = Unknown
  UserName          = prabha14039
  Description       = "Update SPICE data (kernels, pointing, and position) for
                       a camera cube"

  Group = UserParameters
    FROM         = cub_folder/M139946735RE.cub
    WEB          = yes
    ATTACH       = TRUE
    CKSMITHED    = FALSE
    CKRECON      = TRUE
    CKPREDICTED  = FALSE
    CKNADIR      = FALSE
    SPKSMITHED   = FALSE
    SPKRECON     = TRUE
    SPKPREDICTED = FALSE
    SHAPE        = SYSTEM
    STARTPAD     = 0.0
    ENDPAD       = 0.0
    URL          = https://astrogeology.usgs.gov/apis/ale/v0.9.1/spiceserver/
    PORT         = 443
  End_Group

  Group = Kernels
    NaifFrameCode             = -85610
    LeapSecond                = $base/kernels/lsk/naif0012.tls
    TargetAttitudeShape       = ($base/kernels/pck/pck00009.tpc,
                                 $lro/kernels/pck/moon_080317.tf,
                                 $lro/kernels/pck/moon_assoc_me.tf)
    TargetPosition            = (Table,
                                 $lro/kernels/tspk/moon_pa_de421_1900-2050.bpc,
                                 $lro/kernels/tspk/de421.bsp)
    InstrumentPointing        = (Table,
                                 $lro/kernels/ck/lrolc_2010243_2010274_v03.bc,
                                 $lro/kernels/ck/moc42r_2010243_2010274_v04.bc,
                                 $lro/kernels/fk/lro_frames_2014049_v01.tf)
    Instrument                = $lro/kernels/ik/lro_lroc_v18.ti
    SpacecraftClock           = $lro/kernels/sclk/lro_clkcor_2025169_v00.tsc
    InstrumentPosition        = (Table,
                                 $lro/kernels/spk/fdf29r_2010244_2010274_v01.b-
                                 sp)
    InstrumentAddendum        = $lro/kernels/iak/lro_instrumentAddendum_v05.ti
    ShapeModel                = $base/dems/ldem_128ppd_Mar2011_clon180_radius-
                                _pad.cub
    InstrumentPositionQuality = Reconstructed
    InstrumentPointingQuality = Reconstructed
    CameraVersion             = 2
  End_Group

  Group = Accounting
    ConnectTime = 00:00:24.5
    CpuTime     = 00:00:24.6
  End_Group
End_Object


Object = lronac2isis
  IsisVersion       = "9.0.0  | 2025-05-17"
  AleVersion        = "0.11.0 | py312hc47a885_3"
  ProgramVersion    = 2017-04-27
  ProgramPath       = /opt/homebrew/Caskroom/miniforge/base/envs/isis/bin
  ExecutionDateTime = 2025-06-26T13:59:23
  HostName          = Unknown
  UserName          = prabha14039
  Description       = "Import an LROC NAC image as an Isis cube"

  Group = UserParameters
    FROM = img_folder/M173004270LE.IMG
    TO   = cub_folder/M173004270LE.cub
  End_Group

  Group = Accounting
    ConnectTime = 00:00:17.3
    CpuTime     = 00:00:02.9
  End_Group
End_Object


Object = spiceinit
  IsisVersion       = "9.0.0  | 2025-05-17"
  AleVersion        = "0.11.0 | py312hc47a885_3"
  ProgramVersion    = 2021-08-10
  ProgramPath       = /opt/homebrew/Caskroom/miniforge/base/envs/isis/bin
  ExecutionDateTime = 2025-06-26T13:59:41
  HostName          = Unknown
  UserName          = prabha14039
  Description       = "Update SPICE data (kernels, pointing, and position) for
                       a camera cube"

  Group = UserParameters
    FROM         = cub_folder/M173004270LE.cub
    WEB          = yes
    ATTACH       = TRUE
    CKSMITHED    = FALSE
    CKRECON      = TRUE
    CKPREDICTED  = FALSE
    CKNADIR      = FALSE
    SPKSMITHED   = FALSE
    SPKRECON     = TRUE
    SPKPREDICTED = FALSE
    SHAPE        = SYSTEM
    STARTPAD     = 0.0
    ENDPAD       = 0.0
    URL          = https://astrogeology.usgs.gov/apis/ale/v0.9.1/spiceserver/
    PORT         = 443
  End_Group

  Group = Kernels
    NaifFrameCode             = -85600
    LeapSecond                = $base/kernels/lsk/naif0012.tls
    TargetAttitudeShape       = ($base/kernels/pck/pck00009.tpc,
                                 $lro/kernels/pck/moon_080317.tf,
                                 $lro/kernels/pck/moon_assoc_me.tf)
    TargetPosition            = (Table,
                                 $lro/kernels/tspk/moon_pa_de421_1900-2050.bpc,
                                 $lro/kernels/tspk/de421.bsp)
    InstrumentPointing        = (Table,
                                 $lro/kernels/ck/lrolc_2011273_2011305_v03.bc,
                                 $lro/kernels/ck/moc42r_2011273_2011305_v04.bc,
                                 $lro/kernels/fk/lro_frames_2014049_v01.tf)
    Instrument                = $lro/kernels/ik/lro_lroc_v18.ti
    SpacecraftClock           = $lro/kernels/sclk/lro_clkcor_2025169_v00.tsc
    InstrumentPosition        = (Table,
                                 $lro/kernels/spk/fdf29r_2011274_2011305_v01.b-
                                 sp)
    InstrumentAddendum        = $lro/kernels/iak/lro_instrumentAddendum_v05.ti
    ShapeModel                = $base/dems/ldem_128ppd_Mar2011_clon180_radius-
                                _pad.cub
    InstrumentPositionQuality = Reconstructed
    InstrumentPointingQuality = Reconstructed
    CameraVersion             = 2
  End_Group

  Group = Accounting
    ConnectTime = 00:00:17.8
    CpuTime     = 00:00:17.6
  End_Group
End_Object


